#
# There is insufficient memory for the Java Runtime Environment to continue.
# Native memory allocation (malloc) failed to allocate 1048576 bytes for AllocateHeap
# Possible reasons:
#   The system is out of physical RAM or swap space
#   The process is running with CompressedOops enabled, and the Java Heap may be blocking the growth of the native heap
# Possible solutions:
#   Reduce memory load on the system
#   Increase physical memory or swap space
#   Check if swap backing store is full
#   Decrease Java heap size (-Xmx/-Xms)
#   Decrease number of Java threads
#   Decrease Java thread stack sizes (-Xss)
#   Set larger code cache with -XX:ReservedCodeCacheSize=
#   JVM is running with Unscaled Compressed Oops mode in which the Java heap is
#     placed in the first 4GB address space. The Java Heap base address is the
#     maximum limit for the native heap growth. Please use -XX:HeapBaseMinAddress
#     to set the Java Heap base and to place the Java Heap above 4GB virtual address.
# This output file may be truncated or incomplete.
#
#  Out of Memory Error (allocation.cpp:44), pid=9556, tid=4800
#
# JRE version:  (17.0.9+7) (build )
# Java VM: OpenJDK 64-Bit Server VM (17.0.9+7-b1087.11, mixed mode, sharing, tiered, compressed oops, compressed class ptrs, g1 gc, windows-amd64)
# No core dump will be written. Minidumps are not enabled by default on client versions of Windows
#

---------------  S U M M A R Y ------------

Command Line: git4idea.http.GitAskPassApp Username for 'https://github.com': 

Host: AMD Ryzen 3 3250U with Radeon Graphics         , 4 cores, 3G,  Windows 10 , 64 bit Build 19041 (10.0.19041.3636)
Time: Sat Feb 24 18:28:15 2024  Windows 10 , 64 bit Build 19041 (10.0.19041.3636) elapsed time: 0.049514 seconds (0d 0h 0m 0s)

---------------  T H R E A D  ---------------

Current thread (0x00000257f99c2ee0):  JavaThread "Unknown thread" [_thread_in_vm, id=4800, stack(0x0000008bec100000,0x0000008bec200000)]

Stack: [0x0000008bec100000,0x0000008bec200000]
Native frames: (J=compiled Java code, j=interpreted, Vv=VM code, C=native code)
V  [jvm.dll+0x688349]
V  [jvm.dll+0x841bfa]
V  [jvm.dll+0x84383e]
V  [jvm.dll+0x843ea3]
V  [jvm.dll+0x24bdef]
V  [jvm.dll+0xa6b5b]
V  [jvm.dll+0x2ebc77]
V  [jvm.dll+0x2e390b]
V  [jvm.dll+0x812771]
V  [jvm.dll+0x371d41]
V  [jvm.dll+0x7f12bc]
V  [jvm.dll+0x3f59cf]
V  [jvm.dll+0x3f7601]
C  [jli.dll+0x528f]
C  [ucrtbase.dll+0x21bb2]
C  [KERNEL32.DLL+0x17344]
C  [ntdll.dll+0x526b1]


---------------  P R O C E S S  ---------------

Threads class SMR info:
_java_thread_list=0x00007ffef1eedf18, length=0, elements={
}

Java Threads: ( => current thread )

Other Threads:
  0x00000257f99fa170 GCTaskThread "GC Thread#0" [stack: 0x0000008bec200000,0x0000008bec300000] [id=5404]

[error occurred during error reporting (printing all threads), id 0xc0000005, EXCEPTION_ACCESS_VIOLATION (0xc0000005) at pc=0x00007ffef16a0bc0]

VM state: not at safepoint (not fully initialized)

VM Mutex/Monitor currently owned by a thread:  ([mutex/lock_event])
[0x00000257f99be470] Heap_lock - owner thread: 0x00000257f99c2ee0

Heap address: 0x00000000c8e00000, size: 882 MB, Compressed Oops mode: 32-bit

CDS archive(s) mapped at: [0x0000000000000000-0x0000000000000000-0x0000000000000000), size 0, SharedBaseAddress: 0x0000000800000000, ArchiveRelocationMode: 1.
Narrow klass base: 0x0000000000000000, Narrow klass shift: 0, Narrow klass range: 0x0

GC Precious Log:
<Empty>

Heap:
 garbage-first heap   total 0K, used 0K [0x00000000c8e00000, 0x0000000100000000)
  region size 1024K, 0 young (0K), 0 survivors (0K)
 Metaspace       used 0K, committed 0K, reserved 0K
  class space    used 0K, committed 0K, reserved 0K

Heap Regions: E=young(eden), S=young(survivor), O=old, HS=humongous(starts), HC=humongous(continues), CS=collection set, F=free, OA=open archive, CA=closed archive, TAMS=top-at-mark-start (previous, next)

Card table byte_map: [0x00000257fd120000,0x00000257fd2e0000] _byte_map_base: 0x00000257fcad9000

GC Heap History (0 events):
No events

Dll operation events (1 events):
Event: 0.032 Loaded shared library C:\Program Files\JetBrains\PyCharm 2023.3.3\jbr\bin\java.dll

Deoptimization events (0 events):
No events

Classes unloaded (0 events):
No events

Classes redefined (0 events):
No events

Internal exceptions (0 events):
No events

VM Operations (0 events):
No events

Events (0 events):
No events


Dynamic libraries:
0x00007ff722050000 - 0x00007ff72205a000 	C:\Program Files\JetBrains\PyCharm 2023.3.3\jbr\bin\java.exe
0x00007fff1f8d0000 - 0x00007fff1fac8000 	C:\WINDOWS\SYSTEM32\ntdll.dll
0x00007fff1e880000 - 0x00007fff1e93d000 	C:\WINDOWS\System32\KERNEL32.DLL
0x00007fff1d5e0000 - 0x00007fff1d8d6000 	C:\WINDOWS\System32\KERNELBASE.dll
0x00007fff1d0b0000 - 0x00007fff1d1b0000 	C:\WINDOWS\System32\ucrtbase.dll
0x00007fff13200000 - 0x00007fff13217000 	C:\Program Files\JetBrains\PyCharm 2023.3.3\jbr\bin\jli.dll
0x00007fff1f5c0000 - 0x00007fff1f75e000 	C:\WINDOWS\System32\USER32.dll
0x00007fff0b4b0000 - 0x00007fff0b4cb000 	C:\Program Files\JetBrains\PyCharm 2023.3.3\jbr\bin\VCRUNTIME140.dll
0x00007fff1d1b0000 - 0x00007fff1d1d2000 	C:\WINDOWS\System32\win32u.dll
0x00007fff1f010000 - 0x00007fff1f03b000 	C:\WINDOWS\System32\GDI32.dll
0x00007fff1cf90000 - 0x00007fff1d0a7000 	C:\WINDOWS\System32\gdi32full.dll
0x00007fff1d2e0000 - 0x00007fff1d37d000 	C:\WINDOWS\System32\msvcp_win.dll
0x00007fff1c550000 - 0x00007fff1c7ea000 	C:\WINDOWS\WinSxS\amd64_microsoft.windows.common-controls_6595b64144ccf1df_6.0.19041.3636_none_60b6a03d71f818d5\COMCTL32.dll
0x00007fff1f360000 - 0x00007fff1f3fe000 	C:\WINDOWS\System32\msvcrt.dll
0x00007fff1ee20000 - 0x00007fff1ee52000 	C:\WINDOWS\System32\IMM32.DLL
0x00000000639c0000 - 0x00000000639cc000 	C:\Program Files (x86)\360\Total Security\safemon\SafeWrapper.dll
0x00007fff1f7d0000 - 0x00007fff1f883000 	C:\WINDOWS\System32\ADVAPI32.dll
0x00007fff1d910000 - 0x00007fff1d9af000 	C:\WINDOWS\System32\sechost.dll
0x00007fff1da10000 - 0x00007fff1db36000 	C:\WINDOWS\System32\RPCRT4.dll
0x00007fff1d8e0000 - 0x00007fff1d907000 	C:\WINDOWS\System32\bcrypt.dll
0x00007ffef32d0000 - 0x00007ffef3362000 	C:\Program Files (x86)\360\Total Security\safemon\libzdtp64.dll
0x00007fff1dc10000 - 0x00007fff1e355000 	C:\WINDOWS\System32\SHELL32.dll
0x00007fff1f220000 - 0x00007fff1f275000 	C:\WINDOWS\System32\SHLWAPI.dll
0x00007fff1cc50000 - 0x00007fff1cc5a000 	C:\WINDOWS\SYSTEM32\VERSION.dll
0x00007fff156d0000 - 0x00007fff156dc000 	C:\Program Files\JetBrains\PyCharm 2023.3.3\jbr\bin\vcruntime140_1.dll
0x00007ffeee510000 - 0x00007ffeee59d000 	C:\Program Files\JetBrains\PyCharm 2023.3.3\jbr\bin\msvcp140.dll
0x00007ffef13b0000 - 0x00007ffef2032000 	C:\Program Files\JetBrains\PyCharm 2023.3.3\jbr\bin\server\jvm.dll
0x00007fff1cdf0000 - 0x00007fff1ce3b000 	C:\WINDOWS\SYSTEM32\POWRPROF.dll
0x00007fff13240000 - 0x00007fff13249000 	C:\WINDOWS\SYSTEM32\WSOCK32.dll
0x00007fff1edb0000 - 0x00007fff1ee1b000 	C:\WINDOWS\System32\WS2_32.dll
0x00007fff12150000 - 0x00007fff12177000 	C:\WINDOWS\SYSTEM32\WINMM.dll
0x00007fff1cdd0000 - 0x00007fff1cde2000 	C:\WINDOWS\SYSTEM32\UMPDC.dll
0x00007fff19fc0000 - 0x00007fff19fd2000 	C:\WINDOWS\SYSTEM32\kernel.appcore.dll
0x00007fff1b1f0000 - 0x00007fff1b1fa000 	C:\Program Files\JetBrains\PyCharm 2023.3.3\jbr\bin\jimage.dll
0x00007fff1c8b0000 - 0x00007fff1ca94000 	C:\WINDOWS\SYSTEM32\DBGHELP.DLL
0x00007fff1c7f0000 - 0x00007fff1c824000 	C:\WINDOWS\SYSTEM32\dbgcore.DLL
0x00007fff1d250000 - 0x00007fff1d2d2000 	C:\WINDOWS\System32\bcryptPrimitives.dll
0x00007fff1b170000 - 0x00007fff1b195000 	C:\Program Files\JetBrains\PyCharm 2023.3.3\jbr\bin\java.dll

dbghelp: loaded successfully - version: 4.0.5 - missing functions: none
symbol engine: initialized successfully - sym options: 0x614 - pdb path: .;C:\Program Files\JetBrains\PyCharm 2023.3.3\jbr\bin;C:\WINDOWS\SYSTEM32;C:\WINDOWS\WinSxS\amd64_microsoft.windows.common-controls_6595b64144ccf1df_6.0.19041.3636_none_60b6a03d71f818d5;C:\Program Files (x86)\360\Total Security\safemon;C:\Program Files\JetBrains\PyCharm 2023.3.3\jbr\bin\server

VM Arguments:
java_command: git4idea.http.GitAskPassApp Username for 'https://github.com': 
java_class_path (initial): C:/Program Files/JetBrains/PyCharm 2023.3.3/plugins/vcs-git/lib/git4idea-rt.jar;C:/Program Files/JetBrains/PyCharm 2023.3.3/lib/externalProcess-rt.jar
Launcher Type: SUN_STANDARD

[Global flags]
     intx CICompilerCount                          = 3                                         {product} {ergonomic}
     uint ConcGCThreads                            = 1                                         {product} {ergonomic}
     uint G1ConcRefinementThreads                  = 4                                         {product} {ergonomic}
   size_t G1HeapRegionSize                         = 1048576                                   {product} {ergonomic}
    uintx GCDrainStackTargetSize                   = 64                                        {product} {ergonomic}
   size_t InitialHeapSize                          = 58720256                                  {product} {ergonomic}
   size_t MarkStackSize                            = 4194304                                   {product} {ergonomic}
   size_t MaxHeapSize                              = 924844032                                 {product} {ergonomic}
   size_t MinHeapDeltaBytes                        = 1048576                                   {product} {ergonomic}
   size_t MinHeapSize                              = 8388608                                   {product} {ergonomic}
    uintx NonNMethodCodeHeapSize                   = 5832780                                {pd product} {ergonomic}
    uintx NonProfiledCodeHeapSize                  = 122912730                              {pd product} {ergonomic}
    uintx ProfiledCodeHeapSize                     = 122912730                              {pd product} {ergonomic}
    uintx ReservedCodeCacheSize                    = 251658240                              {pd product} {ergonomic}
     bool SegmentedCodeCache                       = true                                      {product} {ergonomic}
   size_t SoftMaxHeapSize                          = 924844032                              {manageable} {ergonomic}
     bool UseCompressedClassPointers               = true                           {product lp64_product} {ergonomic}
     bool UseCompressedOops                        = true                           {product lp64_product} {ergonomic}
     bool UseG1GC                                  = true                                      {product} {ergonomic}
     bool UseLargePagesIndividualAllocation        = false                                  {pd product} {ergonomic}

Logging:
Log output configuration:
 #0: stdout all=warning uptime,level,tags
 #1: stderr all=off uptime,level,tags

Environment Variables:
PATH=C:\Program Files\Git\mingw64\libexec\git-core;C:\Program Files\Git\mingw64\libexec\git-core;C:\Program Files\Git\mingw64\bin;C:\Program Files\Git\usr\bin;C:\Users\Samandar\bin;C:\Users\Samandar\PycharmProjects\book_s\.venv\Scripts;C:\WINDOWS\system32;C:\WINDOWS;C:\WINDOWS\System32\Wbem;C:\WINDOWS\System32\WindowsPowerShell\v1.0;C:\WINDOWS\System32\OpenSSH;C:\ProgramData\chocolatey\bin;C:\Users\Samandar\PycharmProjects\Git\cmd;C:\Program Files\Git\cmd;C:\Users\Samandar\AppData\Local\Programs\Python\Python312\Scripts;C:\Users\Samandar\AppData\Local\Programs\Python\Python312;C:\Users\Samandar\AppData\Local\Microsoft\WindowsApps;C:\Program Files\JetBrains\PyCharm 2023.3.3\bin;C:\Program Files\heroku\bin
USERNAME=Samandar
DISPLAY=:0.0
LC_ALL=en_US.UTF-8
TERM=xterm-256color
TMPDIR=C:\Users\Samandar\AppData\Local\Temp
OS=Windows_NT
PROCESSOR_IDENTIFIER=AMD64 Family 23 Model 24 Stepping 1, AuthenticAMD
TMP=C:\Users\Samandar\AppData\Local\Temp
TEMP=C:\Users\Samandar\AppData\Local\Temp



Periodic native trim disabled

JNI global refs:
JNI global refs: 0, weak refs: 0

JNI global refs memory usage: 0, weak refs: 0

OOME stack traces (most recent first):
Classloader memory used:


---------------  S Y S T E M  ---------------

OS:
 Windows 10 , 64 bit Build 19041 (10.0.19041.3636)
OS uptime: 0 days 2:27 hours

CPU: total 4 (initial active 4) (4 cores per cpu, 2 threads per core) family 23 model 24 stepping 1 microcode 0x0, cx8, cmov, fxsr, ht, mmx, 3dnowpref, sse, sse2, sse3, ssse3, sse4a, sse4.1, sse4.2, popcnt, lzcnt, tsc, tscinvbit, avx, avx2, aes, clmul, bmi1, bmi2, adx, sha, fma, vzeroupper, clflush, clflushopt
Processor Information for all 4 processors :
  Max Mhz: 2600, Current Mhz: 1400, Mhz Limit: 2600

Memory: 4k page, system-wide physical 3522M (236M free)
TotalPageFile size 8967M (AvailPageFile size 5M)
current process WorkingSet (physical memory assigned to process): 10M, peak: 10M
current process commit charge ("private bytes"): 48M, peak: 49M

vm_info: OpenJDK 64-Bit Server VM (17.0.9+7-b1087.11) for windows-amd64 JRE (17.0.9+7-b1087.11), built on 2024-01-05 by "builduser" with MS VC++ 16.10 / 16.11 (VS2019)

END.
